<?xml version="1.0" encoding="UTF-8"?>
<testng-results ignored="0" total="1" passed="1" failed="0" skipped="0">
  <reporter-output>
  </reporter-output>
  <suite started-at="2023-10-30T20:51:52 IST" name="Suite" finished-at="2023-10-30T20:52:09 IST" duration-ms="17026">
    <groups>
    </groups>
    <test started-at="2023-10-30T20:51:52 IST" name="Test" finished-at="2023-10-30T20:52:09 IST" duration-ms="17026">
      <class name="testCases.RunFlipKart">
        <test-method is-config="true" signature="preSetUp(java.lang.String)[pri:0, instance:testCases.RunFlipKart@11392934]" started-at="2023-10-30T20:51:36 IST" name="preSetUp" finished-at="2023-10-30T20:51:52 IST" duration-ms="16662" status="PASS">
          <params>
            <param index="0">
              <value>
                <![CDATA[https://www.flipkart.com/]]>
              </value>
            </param>
          </params>
          <reporter-output>
          </reporter-output>
        </test-method> <!-- preSetUp -->
        <test-method signature="runTestCaseFlipkart()[pri:0, instance:testCases.RunFlipKart@11392934]" started-at="2023-10-30T20:51:52 IST" name="runTestCaseFlipkart" finished-at="2023-10-30T20:52:09 IST" duration-ms="16607" status="PASS">
          <reporter-output>
          </reporter-output>
        </test-method> <!-- runTestCaseFlipkart -->
        <test-method is-config="true" signature="tearDown()[pri:0, instance:testCases.RunFlipKart@11392934]" started-at="2023-10-30T20:52:09 IST" name="tearDown" finished-at="2023-10-30T20:52:09 IST" duration-ms="387" status="PASS">
          <reporter-output>
          </reporter-output>
        </test-method> <!-- tearDown -->
      </class> <!-- testCases.RunFlipKart -->
    </test> <!-- Test -->
  </suite> <!-- Suite -->
</testng-results>
