<?xml version="1.0" encoding="UTF-8"?>
<testng-results ignored="0" total="2" passed="2" failed="0" skipped="0">
  <reporter-output>
  </reporter-output>
  <suite started-at="2023-10-14T20:56:54 IST" name="Suite" finished-at="2023-10-14T20:57:30 IST" duration-ms="36273">
    <groups>
    </groups>
    <test started-at="2023-10-14T20:56:54 IST" name="Launch The Make MyTrio URl select From and To location" finished-at="2023-10-14T20:57:06 IST" duration-ms="12231">
      <class name="Problem3_Assignment.Make_My_Trip">
        <test-method is-config="true" signature="preCondition(java.lang.String)[pri:0, instance:Problem3_Assignment.Make_My_Trip@5e600dd5]" started-at="2023-10-14T20:56:54 IST" name="preCondition" finished-at="2023-10-14T20:57:04 IST" duration-ms="10163" status="PASS">
          <params>
            <param index="0">
              <value>
                <![CDATA[FireFox]]>
              </value>
            </param>
          </params>
          <reporter-output>
          </reporter-output>
        </test-method> <!-- preCondition -->
        <test-method signature="makeMyTripFireFox()[pri:0, instance:Problem3_Assignment.Make_My_Trip@5e600dd5]" started-at="2023-10-14T20:57:04 IST" name="makeMyTripFireFox" finished-at="2023-10-14T20:57:06 IST" duration-ms="2030" status="PASS">
          <reporter-output>
          </reporter-output>
        </test-method> <!-- makeMyTripFireFox -->
      </class> <!-- Problem3_Assignment.Make_My_Trip -->
    </test> <!-- Launch The Make MyTrio URl select From and To location -->
    <test started-at="2023-10-14T20:57:06 IST" name="LaunchTheMakeMyTripURland Check Logo" finished-at="2023-10-14T20:57:30 IST" duration-ms="23884">
      <class name="Problem3_Assignment.Make_My_Trip_FromAndTo">
        <test-method is-config="true" signature="preCondition(java.lang.String)[pri:0, instance:Problem3_Assignment.Make_My_Trip_FromAndTo@196a42c3]" started-at="2023-10-14T20:57:06 IST" name="preCondition" finished-at="2023-10-14T20:57:12 IST" duration-ms="6155" status="PASS">
          <params>
            <param index="0">
              <value>
                <![CDATA[Chrome]]>
              </value>
            </param>
          </params>
          <reporter-output>
          </reporter-output>
        </test-method> <!-- preCondition -->
        <test-method signature="makeMyTripFromAndToSelect()[pri:0, instance:Problem3_Assignment.Make_My_Trip_FromAndTo@196a42c3]" started-at="2023-10-14T20:57:12 IST" name="makeMyTripFromAndToSelect" finished-at="2023-10-14T20:57:30 IST" duration-ms="17724" status="PASS">
          <reporter-output>
          </reporter-output>
        </test-method> <!-- makeMyTripFromAndToSelect -->
      </class> <!-- Problem3_Assignment.Make_My_Trip_FromAndTo -->
    </test> <!-- LaunchTheMakeMyTripURland Check Logo -->
  </suite> <!-- Suite -->
</testng-results>
